<?xml version="1.0" encoding="UTF-8" ?>
<testsuite tests="7" failures="0" name="JuegoTest" time="0.147" errors="0" skipped="7">
  <properties>
[...]
</properties>
  <testcase classname="JuegoTest" name="saveJsonTest" time="0">
    <skipped/>
  </testcase>
  <testcase classname="JuegoTest" name="crearBonusTest" time="0.014">
    <skipped/>
  </testcase>
  <testcase classname="JuegoTest" name="bolilleroTest" time="0.014">
    <skipped/>
  </testcase>
  <testcase classname="JuegoTest" name="guavaTest" time="0.014">
    <skipped/>
  </testcase>
  <testcase classname="JuegoTest" name="randomTest" time="0.014">
    <skipped/>
  </testcase>
  <testcase classname="JuegoTest" name="valoresTest" time="0.014">
    <skipped/>
  </testcase>
  <testcase classname="JuegoTest" name="readJsonFileTest" time="0.014">
    <skipped/>
  </testcase>
</testsuite>